mode: set
github.com/samuelowad/bookings/internal/handlers/room_handlers.go:34.64,39.2 1 0
github.com/samuelowad/bookings/internal/handlers/room_handlers.go:42.53,47.2 1 1
github.com/samuelowad/bookings/internal/handlers/room_handlers.go:49.32,51.2 1 1
github.com/samuelowad/bookings/internal/handlers/room_handlers.go:53.67,56.2 1 1
github.com/samuelowad/bookings/internal/handlers/room_handlers.go:58.68,62.2 1 1
github.com/samuelowad/bookings/internal/handlers/room_handlers.go:64.70,68.2 1 0
github.com/samuelowad/bookings/internal/handlers/room_handlers.go:70.70,74.2 1 0
github.com/samuelowad/bookings/internal/handlers/room_handlers.go:76.72,80.2 1 0
github.com/samuelowad/bookings/internal/handlers/room_handlers.go:82.72,86.2 1 0
github.com/samuelowad/bookings/internal/handlers/room_handlers.go:89.76,95.16 4 0
github.com/samuelowad/bookings/internal/handlers/room_handlers.go:100.2,102.16 2 0
github.com/samuelowad/bookings/internal/handlers/room_handlers.go:107.2,107.21 1 0
github.com/samuelowad/bookings/internal/handlers/room_handlers.go:111.2,123.7 5 0
github.com/samuelowad/bookings/internal/handlers/room_handlers.go:95.16,98.3 2 0
github.com/samuelowad/bookings/internal/handlers/room_handlers.go:102.16,105.3 2 0
github.com/samuelowad/bookings/internal/handlers/room_handlers.go:107.21,110.3 2 0
github.com/samuelowad/bookings/internal/handlers/room_handlers.go:134.79,140.16 5 0
github.com/samuelowad/bookings/internal/handlers/room_handlers.go:145.2,146.16 2 0
github.com/samuelowad/bookings/internal/handlers/room_handlers.go:151.2,160.16 3 0
github.com/samuelowad/bookings/internal/handlers/room_handlers.go:165.2,167.14 2 0
github.com/samuelowad/bookings/internal/handlers/room_handlers.go:140.16,143.3 2 0
github.com/samuelowad/bookings/internal/handlers/room_handlers.go:146.16,149.3 2 0
github.com/samuelowad/bookings/internal/handlers/room_handlers.go:160.16,163.3 2 0
github.com/samuelowad/bookings/internal/handlers/room_handlers.go:171.70,175.2 1 0
github.com/samuelowad/bookings/internal/handlers/room_handlers.go:177.78,179.9 2 1
github.com/samuelowad/bookings/internal/handlers/room_handlers.go:185.2,187.16 2 1
github.com/samuelowad/bookings/internal/handlers/room_handlers.go:192.2,209.7 10 1
github.com/samuelowad/bookings/internal/handlers/room_handlers.go:179.9,183.3 3 1
github.com/samuelowad/bookings/internal/handlers/room_handlers.go:187.16,191.3 3 1
github.com/samuelowad/bookings/internal/handlers/room_handlers.go:213.82,217.9 2 1
github.com/samuelowad/bookings/internal/handlers/room_handlers.go:223.2,224.16 2 1
github.com/samuelowad/bookings/internal/handlers/room_handlers.go:230.2,240.19 9 1
github.com/samuelowad/bookings/internal/handlers/room_handlers.go:251.2,252.16 2 1
github.com/samuelowad/bookings/internal/handlers/room_handlers.go:258.2,268.16 4 1
github.com/samuelowad/bookings/internal/handlers/room_handlers.go:274.2,274.58 1 1
github.com/samuelowad/bookings/internal/handlers/room_handlers.go:217.9,221.3 3 1
github.com/samuelowad/bookings/internal/handlers/room_handlers.go:224.16,228.3 3 0
github.com/samuelowad/bookings/internal/handlers/room_handlers.go:240.19,249.3 5 1
github.com/samuelowad/bookings/internal/handlers/room_handlers.go:252.16,256.3 3 1
github.com/samuelowad/bookings/internal/handlers/room_handlers.go:268.16,272.3 3 1
github.com/samuelowad/bookings/internal/handlers/room_handlers.go:278.81,281.12 2 0
github.com/samuelowad/bookings/internal/handlers/room_handlers.go:287.2,300.7 9 0
github.com/samuelowad/bookings/internal/handlers/room_handlers.go:281.12,286.3 4 0
github.com/samuelowad/bookings/internal/handlers/room_handlers.go:304.73,306.16 2 0
github.com/samuelowad/bookings/internal/handlers/room_handlers.go:311.2,312.9 2 0
github.com/samuelowad/bookings/internal/handlers/room_handlers.go:317.2,320.63 3 0
github.com/samuelowad/bookings/internal/handlers/room_handlers.go:306.16,309.3 2 0
github.com/samuelowad/bookings/internal/handlers/room_handlers.go:312.9,315.3 2 0
github.com/samuelowad/bookings/internal/handlers/room_handlers.go:324.71,333.16 6 0
github.com/samuelowad/bookings/internal/handlers/room_handlers.go:338.2,347.63 7 0
github.com/samuelowad/bookings/internal/handlers/room_handlers.go:333.16,336.3 2 0
github.com/samuelowad/bookings/internal/handlers/room_handlers.go:350.75,353.16 3 1
github.com/samuelowad/bookings/internal/handlers/room_handlers.go:357.2,358.16 2 1
github.com/samuelowad/bookings/internal/handlers/room_handlers.go:362.2,362.48 1 1
github.com/samuelowad/bookings/internal/handlers/room_handlers.go:353.16,356.3 1 0
github.com/samuelowad/bookings/internal/handlers/room_handlers.go:358.16,360.3 1 0
